
====================STARTING TEST=====================
Clicked on signin link
Entered Username
Entered Password
Clicked on signin button
Fetched error message
====================Finished TEST=====================
====================STARTING TEST=====================
Clicked on signin link
Entered Username
Entered Password
Clicked on signin button
Fetched error message
====================Finished TEST=====================
====================STARTING TEST=====================
Clicked on signin link
Entered Username
Entered Password
Clicked on signin button
Fetched error message
====================Finished TEST=====================
====================STARTING TEST=====================
Clicked on signin link
Entered Username
Entered Password
Clicked on signin button
Fetched error message
====================Finished TEST=====================
====================STARTING TEST=====================
Clicked on signin link
Entered Username
Entered Password
Clicked on signin button
Fetched error message
====================Finished TEST=====================
====================STARTING TEST=====================
Clicked on signin link
Entered Username
Entered Password
Clicked on signin button
Fetched error message
====================Finished TEST=====================
====================STARTING TEST=====================
Clicked on signin link
Entered Username
Entered Password
Clicked on signin button
Fetched error message
====================Finished TEST=====================
====================STARTING TEST=====================
Clicked on signin link
Entered Username
Entered Password
Clicked on signin button
Fetched error message
====================Finished TEST=====================
====================STARTING TEST=====================
Clicked on signin link
Entered Username
Entered Password
Clicked on signin button
Fetched error message
====================Finished TEST=====================
====================STARTING TEST=====================
Clicked on signin link
Entered Username
Entered Password
Clicked on signin button
Fetched error message
====================Finished TEST=====================
====================STARTING TEST=====================
Clicked on signin link
Entered Username
Entered Password
Clicked on signin button
Fetched error message
====================Finished TEST=====================
====================STARTING TEST=====================
Clicked on signin link
Entered Username
Entered Password
Clicked on signin button
Fetched error message
====================Finished TEST=====================
====================STARTING TEST=====================
Clicked on signin link
Entered Username
Entered Password
Clicked on signin button
Fetched error message
====================Finished TEST=====================
====================STARTING TEST=====================
Clicked on signin link
Entered Username
Entered Password
Clicked on signin button
Fetched error message
====================Finished TEST=====================
====================STARTING TEST=====================
Clicked on signin link
Entered Username
Entered Password
Clicked on signin button
Fetched error message
====================Finished TEST=====================
====================STARTING TEST=====================
Clicked on signin link
Entered Username
Entered Password
Clicked on signin button
Fetched error message
====================Finished TEST=====================
====================STARTING TEST=====================
Clicked on signin link
Entered Username
Entered Password
Clicked on signin button
Fetched error message
====================Finished TEST=====================
